
                            < M A T L A B (R) >
                  Copyright 1984-2017 The MathWorks, Inc.
                   R2017b (9.3.0.713579) 64-bit (glnxa64)
                             September 14, 2017

 
To get started, type one of these: helpwin, helpdesk, or demo.
For product information, visit www.mathworks.com.
 
starting...\n

WBTF =

  208.2800

reading...\n
formatting...\n

i =

     1


i =

     2


i =

     3

i = 1
j = 1
j = 2
j = 3
j = 4
j = 5
j = 6
j = 7
j = 8
j = 9
j = 10
j = 11
j = 12
j = 13
j = 14
j = 15
j = 16
j = 17
j = 18
j = 19
j = 20
j = 21
j = 22
j = 23
j = 24
j = 25
j = 26
j = 27
j = 28
j = 29
j = 30
j = 31
j = 32
j = 33
j = 34
j = 35
j = 36
j = 37
j = 38
j = 39
j = 40
j = 41
j = 42
j = 43
j = 44
j = 45
j = 46
j = 47
j = 48
j = 49
j = 50
j = 51
j = 52
j = 53
j = 54
j = 55
j = 56
j = 57
j = 58
j = 59
j = 60
j = 61
j = 62
i = 2
j = 1
j = 2
j = 3
j = 4
j = 5
j = 6
j = 7
j = 8
j = 9
j = 10
j = 11
j = 12
j = 13
j = 14
j = 15
j = 16
j = 17
j = 18
j = 19
j = 20
j = 21
j = 22
j = 23
j = 24
j = 25
j = 26
j = 27
j = 28
j = 29
j = 30
j = 31
j = 32
j = 33
j = 34
j = 35
j = 36
j = 37
j = 38
j = 39
j = 40
j = 41
j = 42
j = 43
j = 44
j = 45
j = 46
j = 47
j = 48
j = 49
j = 50
j = 51
j = 52
j = 53
j = 54
j = 55
j = 56
j = 57
j = 58
j = 59
j = 60
j = 61
j = 62
i = 3
j = 1
j = 2
j = 3
j = 4
j = 5
j = 6
j = 7
j = 8
j = 9
j = 10
j = 11
j = 12
j = 13
j = 14
j = 15
j = 16
j = 17
j = 18
j = 19
j = 20
j = 21
j = 22
j = 23
j = 24
j = 25
j = 26
j = 27
j = 28
j = 29
j = 30
j = 31
j = 32
j = 33
j = 34
j = 35
j = 36
j = 37
j = 38
j = 39
j = 40
j = 41
j = 42
j = 43
j = 44
j = 45
j = 46
j = 47
j = 48
j = 49
j = 50
j = 51
j = 52
j = 53
j = 54
j = 55
j = 56
j = 57
j = 58
j = 59
j = 60
j = 61
j = 62
i = 4
j = 1
j = 2
j = 3
j = 4
j = 5
j = 6
j = 7
j = 8
j = 9
j = 10
j = 11
j = 12
j = 13
j = 14
j = 15
j = 16
j = 17
j = 18
j = 19
j = 20
j = 21
j = 22
j = 23
j = 24
j = 25
j = 26
j = 27
j = 28
j = 29
j = 30
j = 31
j = 32
j = 33
j = 34
j = 35
j = 36
j = 37
j = 38
j = 39
j = 40
j = 41
j = 42
j = 43
j = 44
j = 45
j = 46
j = 47
j = 48
j = 49
j = 50
j = 51
j = 52
j = 53
j = 54
j = 55
j = 56
j = 57
j = 58
j = 59
j = 60
j = 61
j = 62
i = 5
j = 1
j = 2
j = 3
j = 4
j = 5
j = 6
j = 7
j = 8
j = 9
j = 10
j = 11
j = 12
j = 13
j = 14
j = 15
j = 16
j = 17
j = 18
j = 19
j = 20
j = 21
j = 22
j = 23
j = 24
j = 25
j = 26
j = 27
j = 28
j = 29
j = 30
j = 31
j = 32
j = 33
j = 34
j = 35
j = 36
j = 37
j = 38
j = 39
j = 40
j = 41
j = 42
j = 43
j = 44
j = 45
j = 46
j = 47
j = 48
j = 49
j = 50
j = 51
j = 52
j = 53
j = 54
j = 55
j = 56
j = 57
j = 58
j = 59
j = 60
j = 61
j = 62
i = 6
j = 1
j = 2
j = 3
j = 4
j = 5
j = 6
j = 7
j = 8
j = 9
j = 10
j = 11
j = 12
j = 13
j = 14
j = 15
j = 16
j = 17
j = 18
j = 19
j = 20
j = 21
j = 22
j = 23
j = 24
j = 25
j = 26
j = 27
j = 28
j = 29
j = 30
j = 31
j = 32
j = 33
j = 34
j = 35
j = 36
j = 37
j = 38
j = 39
j = 40
j = 41
j = 42
j = 43
j = 44
j = 45
j = 46
j = 47
j = 48
j = 49
j = 50
j = 51
j = 52
j = 53
j = 54
j = 55
j = 56
j = 57
j = 58
j = 59
j = 60
j = 61
j = 62
i = 7
j = 1
j = 2
j = 3
j = 4
j = 5
j = 6
j = 7
j = 8
j = 9
j = 10
j = 11
j = 12
j = 13
j = 14
j = 15
j = 16
j = 17
j = 18
j = 19
j = 20
j = 21
j = 22
j = 23
j = 24
j = 25
j = 26
j = 27
j = 28
j = 29
j = 30
j = 31
j = 32
j = 33
j = 34
j = 35
j = 36
j = 37
j = 38
j = 39
j = 40
j = 41
j = 42
j = 43
j = 44
j = 45
j = 46
j = 47
j = 48
j = 49
j = 50
j = 51
j = 52
j = 53
j = 54
j = 55
j = 56
j = 57
j = 58
j = 59
j = 60
j = 61
j = 62
i = 8
j = 1
j = 2
j = 3
j = 4
j = 5
j = 6
j = 7
j = 8
j = 9
j = 10
j = 11
j = 12
j = 13
j = 14
j = 15
j = 16
j = 17
j = 18
j = 19
j = 20
j = 21
j = 22
j = 23
j = 24
j = 25
j = 26
j = 27
j = 28
j = 29
j = 30
j = 31
j = 32
j = 33
j = 34
j = 35
j = 36
j = 37
j = 38
j = 39
j = 40
j = 41
j = 42
j = 43
j = 44
j = 45
j = 46
j = 47
j = 48
j = 49
j = 50
j = 51
j = 52
j = 53
j = 54
j = 55
j = 56
j = 57
j = 58
j = 59
j = 60
j = 61
j = 62
i = 9
j = 1
j = 2
j = 3
j = 4
j = 5
j = 6
j = 7
j = 8
j = 9
j = 10
j = 11
j = 12
j = 13
j = 14
j = 15
j = 16
j = 17
j = 18
j = 19
j = 20
j = 21
j = 22
j = 23
j = 24
j = 25
j = 26
j = 27
j = 28
j = 29
j = 30
j = 31
j = 32
j = 33
j = 34
j = 35
j = 36
j = 37
j = 38
j = 39
j = 40
j = 41
j = 42
j = 43
j = 44
j = 45
j = 46
j = 47
j = 48
j = 49
j = 50
j = 51
j = 52
j = 53
j = 54
j = 55
j = 56
j = 57
j = 58
j = 59
j = 60
j = 61
j = 62
i = 10
j = 1
j = 2
j = 3
j = 4
j = 5
j = 6
j = 7
j = 8
j = 9
j = 10
j = 11
j = 12
j = 13
j = 14
j = 15
j = 16
j = 17
j = 18
j = 19
j = 20
j = 21
j = 22
j = 23
j = 24
j = 25
j = 26
j = 27
j = 28
j = 29
j = 30
j = 31
j = 32
j = 33
j = 34
j = 35
j = 36
j = 37
j = 38
j = 39
j = 40
j = 41
j = 42
j = 43
j = 44
j = 45
j = 46
j = 47
j = 48
j = 49
j = 50
j = 51
j = 52
j = 53
j = 54
j = 55
j = 56
j = 57
j = 58
j = 59
j = 60
j = 61
j = 62
i = 11
j = 1
j = 2
j = 3
j = 4
j = 5
j = 6
j = 7
j = 8
j = 9
j = 10
j = 11
j = 12
j = 13
j = 14
j = 15
j = 16
j = 17
j = 18
j = 19
j = 20
j = 21
j = 22
j = 23
j = 24
j = 25
j = 26
j = 27
j = 28
j = 29
j = 30
j = 31
j = 32
j = 33
j = 34
j = 35
j = 36
j = 37
j = 38
j = 39
j = 40
j = 41
j = 42
j = 43
j = 44
j = 45
j = 46
j = 47
j = 48
j = 49
j = 50
j = 51
j = 52
j = 53
j = 54
j = 55
j = 56
j = 57
j = 58
j = 59
j = 60
j = 61
j = 62
i = 12
j = 1
j = 2
j = 3
j = 4
j = 5
j = 6
j = 7
j = 8
j = 9
j = 10
j = 11
j = 12
j = 13
j = 14
j = 15
j = 16
j = 17
j = 18
j = 19
j = 20
j = 21
j = 22
j = 23
j = 24
j = 25
j = 26
j = 27
j = 28
j = 29
j = 30
j = 31
j = 32
j = 33
j = 34
j = 35
j = 36
j = 37
j = 38
j = 39
j = 40
j = 41
j = 42
j = 43
j = 44
j = 45
j = 46
j = 47
j = 48
j = 49
j = 50
j = 51
j = 52
j = 53
j = 54
j = 55
j = 56
j = 57
j = 58
j = 59
j = 60
j = 61
j = 62
i = 13
j = 1
j = 2
j = 3
j = 4
j = 5
j = 6
j = 7
j = 8
j = 9
j = 10
j = 11
j = 12
j = 13
j = 14
j = 15
j = 16
j = 17
j = 18
j = 19
j = 20
j = 21
j = 22
j = 23
j = 24
j = 25
j = 26
j = 27
j = 28
j = 29
j = 30
j = 31
j = 32
j = 33
j = 34
j = 35
j = 36
j = 37
j = 38
j = 39
j = 40
j = 41
j = 42
j = 43
j = 44
j = 45
j = 46
j = 47
j = 48
j = 49
j = 50
j = 51
j = 52
j = 53
j = 54
j = 55
j = 56
j = 57
j = 58
j = 59
j = 60
j = 61
j = 62
i = 14
j = 1
j = 2
j = 3
j = 4
j = 5
j = 6
j = 7
j = 8
j = 9
j = 10
j = 11
j = 12
j = 13
j = 14
j = 15
j = 16
j = 17
j = 18
j = 19
j = 20
j = 21
j = 22
j = 23
j = 24
j = 25
j = 26
j = 27
j = 28
j = 29
j = 30
j = 31
j = 32
j = 33
j = 34
j = 35
j = 36
j = 37
j = 38
j = 39
j = 40
j = 41
j = 42
j = 43
j = 44
j = 45
j = 46
j = 47
j = 48
j = 49
j = 50
j = 51
j = 52
j = 53
j = 54
j = 55
j = 56
j = 57
j = 58
j = 59
j = 60
j = 61
j = 62
i = 15
j = 1
j = 2
j = 3
j = 4
j = 5
j = 6
j = 7
j = 8
j = 9
j = 10
j = 11
j = 12
j = 13
j = 14
j = 15
j = 16
j = 17
j = 18
j = 19
j = 20
j = 21
j = 22
j = 23
j = 24
j = 25
j = 26
j = 27
j = 28
j = 29
j = 30
j = 31
j = 32
j = 33
j = 34
j = 35
j = 36
j = 37
j = 38
j = 39
j = 40
j = 41
j = 42
j = 43
j = 44
j = 45
j = 46
j = 47
j = 48
j = 49
j = 50
j = 51
j = 52
j = 53
j = 54
j = 55
j = 56
j = 57
j = 58
j = 59
j = 60
j = 61
j = 62
i = 16
j = 1
j = 2
j = 3
j = 4
j = 5
j = 6
j = 7
j = 8
j = 9
j = 10
j = 11
j = 12
j = 13
j = 14
j = 15
j = 16
j = 17
j = 18
j = 19
j = 20
j = 21
j = 22
j = 23
j = 24
j = 25
j = 26
j = 27
j = 28
j = 29
j = 30
j = 31
j = 32
j = 33
j = 34
j = 35
j = 36
j = 37
j = 38
j = 39
j = 40
j = 41
j = 42
j = 43
j = 44
j = 45
j = 46
j = 47
j = 48
j = 49
j = 50
j = 51
j = 52
j = 53
j = 54
j = 55
j = 56
j = 57
j = 58
j = 59
j = 60
j = 61
j = 62
i = 17
j = 1
j = 2
j = 3
j = 4
j = 5
j = 6
j = 7
j = 8
j = 9
j = 10
j = 11
j = 12
j = 13
j = 14
j = 15
j = 16
j = 17
j = 18
j = 19
j = 20
j = 21
j = 22
j = 23
j = 24
j = 25
j = 26
j = 27
j = 28
j = 29
j = 30
j = 31
j = 32
j = 33
j = 34
j = 35
j = 36
j = 37
j = 38
j = 39
j = 40
j = 41
j = 42
j = 43
j = 44
j = 45
j = 46
j = 47
j = 48
j = 49
j = 50
j = 51
j = 52
j = 53
j = 54
j = 55
j = 56
j = 57
j = 58
j = 59
j = 60
j = 61
j = 62
i = 18
j = 1
j = 2
j = 3
j = 4
j = 5
j = 6
j = 7
j = 8
j = 9
j = 10
j = 11
j = 12
j = 13
j = 14
j = 15
j = 16
j = 17
j = 18
j = 19
j = 20
j = 21
j = 22
j = 23
j = 24
j = 25
j = 26
j = 27
j = 28
j = 29
j = 30
j = 31
j = 32
j = 33
j = 34
j = 35
j = 36
j = 37
j = 38
j = 39
j = 40
j = 41
j = 42
j = 43
j = 44
j = 45
j = 46
j = 47
j = 48
j = 49
j = 50
j = 51
j = 52
j = 53
j = 54
j = 55
j = 56
j = 57
j = 58
j = 59
j = 60
j = 61
j = 62
i = 19
j = 1
j = 2
j = 3
j = 4
j = 5
j = 6
j = 7
j = 8
j = 9
j = 10
j = 11
j = 12
j = 13
j = 14
j = 15
j = 16
j = 17
j = 18
j = 19
j = 20
j = 21
j = 22
j = 23
j = 24
j = 25
j = 26
j = 27
j = 28
j = 29
j = 30
j = 31
j = 32
j = 33
j = 34
j = 35
j = 36
j = 37
j = 38
j = 39
j = 40
j = 41
j = 42
j = 43
j = 44
j = 45
j = 46
j = 47
j = 48
j = 49
j = 50
j = 51
j = 52
j = 53
j = 54
j = 55
j = 56
j = 57
j = 58
j = 59
j = 60
j = 61
j = 62
i = 20
j = 1
j = 2
j = 3
j = 4
j = 5
j = 6
j = 7
j = 8
j = 9
j = 10
j = 11
j = 12
j = 13
j = 14
j = 15
j = 16
j = 17
j = 18
j = 19
j = 20
j = 21
j = 22
j = 23
j = 24
j = 25
j = 26
j = 27
j = 28
j = 29
j = 30
j = 31
j = 32
j = 33
j = 34
j = 35
j = 36
j = 37
j = 38
j = 39
j = 40
j = 41
j = 42
j = 43
j = 44
j = 45
j = 46
j = 47
j = 48
j = 49
j = 50
j = 51
j = 52
j = 53
j = 54
j = 55
j = 56
j = 57
j = 58
j = 59
j = 60
j = 61
j = 62
i = 21
j = 1
j = 2
j = 3
j = 4
j = 5
j = 6
j = 7
j = 8
j = 9
j = 10
j = 11
j = 12
j = 13
j = 14
j = 15
j = 16
j = 17
j = 18
j = 19
j = 20
j = 21
j = 22
j = 23
j = 24
j = 25
j = 26
j = 27
j = 28
j = 29
j = 30
j = 31
j = 32
j = 33
j = 34
j = 35
j = 36
j = 37
j = 38
j = 39
j = 40
j = 41
j = 42
j = 43
j = 44
j = 45
j = 46
j = 47
j = 48
j = 49
j = 50
j = 51
j = 52
j = 53
j = 54
j = 55
j = 56
j = 57
j = 58
j = 59
j = 60
j = 61
j = 62
i = 22
j = 1
j = 2
j = 3
j = 4
j = 5
j = 6
j = 7
j = 8
j = 9
j = 10
j = 11
j = 12
j = 13
j = 14
j = 15
j = 16
j = 17
j = 18
j = 19
j = 20
j = 21
j = 22
j = 23
j = 24
j = 25
j = 26
j = 27
j = 28
j = 29
j = 30
j = 31
j = 32
j = 33
j = 34
j = 35
j = 36
j = 37
j = 38
j = 39
j = 40
j = 41
j = 42
j = 43
j = 44
j = 45
j = 46
j = 47
j = 48
j = 49
j = 50
j = 51
j = 52
j = 53
j = 54
j = 55
j = 56
j = 57
j = 58
j = 59
j = 60
j = 61
j = 62
i = 23
j = 1
j = 2
j = 3
j = 4
j = 5
j = 6
j = 7
j = 8
j = 9
j = 10
j = 11
j = 12
j = 13
j = 14
j = 15
j = 16
j = 17
j = 18
j = 19
j = 20
j = 21
j = 22
j = 23
j = 24
j = 25
j = 26
j = 27
j = 28
j = 29
j = 30
j = 31
j = 32
j = 33
j = 34
j = 35
j = 36
j = 37
j = 38
j = 39
j = 40
j = 41
j = 42
j = 43
j = 44
j = 45
j = 46
j = 47
j = 48
j = 49
j = 50
j = 51
j = 52
j = 53
j = 54
j = 55
j = 56
j = 57
j = 58
j = 59
j = 60
j = 61
j = 62
i = 24
j = 1
j = 2
j = 3
j = 4
j = 5
j = 6
j = 7
j = 8
j = 9
j = 10
j = 11
j = 12
j = 13
j = 14
j = 15
j = 16
j = 17
j = 18
j = 19
j = 20
j = 21
j = 22
j = 23
j = 24
j = 25
j = 26
j = 27
j = 28
j = 29
j = 30
j = 31
j = 32
j = 33
j = 34
j = 35
j = 36
j = 37
j = 38
j = 39
j = 40
j = 41
j = 42
j = 43
j = 44
j = 45
j = 46
j = 47
j = 48
j = 49
j = 50
j = 51
j = 52
j = 53
j = 54
j = 55
j = 56
j = 57
j = 58
j = 59
j = 60
j = 61
j = 62
i = 25
j = 1
j = 2
j = 3
j = 4
j = 5
j = 6
j = 7
j = 8
j = 9
j = 10
j = 11
j = 12
j = 13
j = 14
j = 15
j = 16
j = 17
j = 18
j = 19
j = 20
j = 21
j = 22
j = 23
j = 24
j = 25
j = 26
j = 27
j = 28
j = 29
j = 30
j = 31
j = 32
j = 33
j = 34
j = 35
j = 36
j = 37
j = 38
j = 39
j = 40
j = 41
j = 42
j = 43
j = 44
j = 45
j = 46
j = 47
j = 48
j = 49
j = 50
j = 51
j = 52
j = 53
j = 54
j = 55
j = 56
j = 57
j = 58
j = 59
j = 60
j = 61
j = 62
i = 26
j = 1
j = 2
j = 3
j = 4
j = 5
j = 6
j = 7
j = 8
j = 9
j = 10
j = 11
j = 12
j = 13
j = 14
j = 15
j = 16
j = 17
j = 18
j = 19
j = 20
j = 21
j = 22
j = 23
j = 24
j = 25
j = 26
j = 27
j = 28
j = 29
j = 30
j = 31
j = 32
j = 33
j = 34
j = 35
j = 36
j = 37
j = 38
j = 39
j = 40
j = 41
j = 42
j = 43
j = 44
j = 45
j = 46
j = 47
j = 48
j = 49
j = 50
j = 51
j = 52
j = 53
j = 54
j = 55
j = 56
j = 57
j = 58
j = 59
j = 60
j = 61
j = 62
i = 27
j = 1
j = 2
j = 3
j = 4
j = 5
j = 6
j = 7
j = 8
j = 9
j = 10
j = 11
j = 12
j = 13
j = 14
j = 15
j = 16
j = 17
j = 18
j = 19
j = 20
j = 21
j = 22
j = 23
j = 24
j = 25
j = 26
j = 27
j = 28
j = 29
j = 30
j = 31
j = 32
j = 33
j = 34
j = 35
j = 36
j = 37
j = 38
j = 39
j = 40
j = 41
j = 42
j = 43
j = 44
j = 45
j = 46
j = 47
j = 48
j = 49
j = 50
j = 51
j = 52
j = 53
j = 54
j = 55
j = 56
j = 57
j = 58
j = 59
j = 60
j = 61
j = 62
i = 28
j = 1
j = 2
j = 3
j = 4
j = 5
j = 6
j = 7
j = 8
j = 9
j = 10
j = 11
j = 12
j = 13
j = 14
j = 15
j = 16
j = 17
j = 18
j = 19
j = 20
j = 21
j = 22
j = 23
j = 24
j = 25
j = 26
j = 27
j = 28
j = 29
j = 30
j = 31
j = 32
j = 33
j = 34
j = 35
j = 36
j = 37
j = 38
j = 39
j = 40
j = 41
j = 42
j = 43
j = 44
j = 45
j = 46
j = 47
j = 48
j = 49
j = 50
j = 51
j = 52
j = 53
j = 54
j = 55
j = 56
j = 57
j = 58
j = 59
j = 60
j = 61
j = 62
i = 29
j = 1
j = 2
j = 3
j = 4
j = 5
j = 6
j = 7
j = 8
j = 9
j = 10
j = 11
j = 12
j = 13
j = 14
j = 15
j = 16
j = 17
j = 18
j = 19
j = 20
j = 21
j = 22
j = 23
j = 24
j = 25
j = 26
j = 27
j = 28
j = 29
j = 30
j = 31
j = 32
j = 33
j = 34
j = 35
j = 36
j = 37
j = 38
j = 39
j = 40
j = 41
j = 42
j = 43
j = 44
j = 45
j = 46
j = 47
j = 48
j = 49
j = 50
j = 51
j = 52
j = 53
j = 54
j = 55
j = 56
j = 57
j = 58
j = 59
j = 60
j = 61
j = 62
i = 30
j = 1
j = 2
j = 3
j = 4
j = 5
j = 6
j = 7
j = 8
j = 9
j = 10
j = 11
j = 12
j = 13
j = 14
j = 15
j = 16
j = 17
j = 18
j = 19
j = 20
j = 21
j = 22
j = 23
j = 24
j = 25
j = 26
j = 27
j = 28
j = 29
j = 30
j = 31
j = 32
j = 33
j = 34
j = 35
j = 36
j = 37
j = 38
j = 39
j = 40
j = 41
j = 42
j = 43
j = 44
j = 45
j = 46
j = 47
j = 48
j = 49
j = 50
j = 51
j = 52
j = 53
j = 54
j = 55
j = 56
j = 57
j = 58
j = 59
j = 60
j = 61
j = 62
i = 31
j = 1
j = 2
j = 3
j = 4
j = 5
j = 6
j = 7
j = 8
j = 9
j = 10
j = 11
j = 12
j = 13
j = 14
j = 15
j = 16
j = 17
j = 18
j = 19
j = 20
j = 21
j = 22
j = 23
j = 24
j = 25
j = 26
j = 27
j = 28
j = 29
j = 30
j = 31
j = 32
j = 33
j = 34
j = 35
j = 36
j = 37
j = 38
j = 39
j = 40
j = 41
j = 42
j = 43
j = 44
j = 45
j = 46
j = 47
j = 48
j = 49
j = 50
j = 51
j = 52
j = 53
j = 54
j = 55
j = 56
j = 57
j = 58
j = 59
j = 60
j = 61
j = 62
i = 32
j = 1
j = 2
j = 3
j = 4
j = 5
j = 6
j = 7
j = 8
j = 9
j = 10
j = 11
j = 12
j = 13
j = 14
j = 15
j = 16
j = 17
j = 18
j = 19
j = 20
j = 21
j = 22
j = 23
j = 24
j = 25
j = 26
j = 27
j = 28
j = 29
j = 30
j = 31
j = 32
j = 33
j = 34
j = 35
j = 36
j = 37
j = 38
j = 39
j = 40
j = 41
j = 42
j = 43
j = 44
j = 45
j = 46
j = 47
j = 48
j = 49
j = 50
j = 51
j = 52
j = 53
j = 54
j = 55
j = 56
j = 57
j = 58
j = 59
j = 60
j = 61
j = 62
i = 33
j = 1
j = 2
j = 3
j = 4
j = 5
j = 6
j = 7
j = 8
j = 9
j = 10
j = 11
j = 12
j = 13
j = 14
j = 15
j = 16
j = 17
j = 18
j = 19
j = 20
j = 21
j = 22
j = 23
j = 24
j = 25
j = 26
j = 27
j = 28
j = 29
j = 30
j = 31
j = 32
j = 33
j = 34
j = 35
j = 36
j = 37
j = 38
j = 39
j = 40
j = 41
j = 42
j = 43
j = 44
j = 45
j = 46
j = 47
j = 48
j = 49
j = 50
j = 51
j = 52
j = 53
j = 54
j = 55
j = 56
j = 57
j = 58
j = 59
j = 60
j = 61
j = 62
i = 34
j = 1
j = 2
j = 3
j = 4
j = 5
j = 6
j = 7
j = 8
j = 9
j = 10
j = 11
j = 12
j = 13
j = 14
j = 15
j = 16
j = 17
j = 18
j = 19
j = 20
j = 21
j = 22
j = 23
j = 24
j = 25
j = 26
j = 27
j = 28
j = 29
j = 30
j = 31
j = 32
j = 33
j = 34
j = 35
j = 36
j = 37
j = 38
j = 39
j = 40
j = 41
j = 42
j = 43
j = 44
j = 45
j = 46
j = 47
j = 48
j = 49
j = 50
j = 51
j = 52
j = 53
j = 54
j = 55
j = 56
j = 57
j = 58
j = 59
j = 60
j = 61
j = 62
i = 35
j = 1
j = 2
j = 3
j = 4
j = 5
j = 6
j = 7
j = 8
j = 9
j = 10
j = 11
j = 12
j = 13
j = 14
j = 15
j = 16
j = 17
j = 18
j = 19
j = 20
j = 21
j = 22
j = 23
j = 24
j = 25
j = 26
j = 27
j = 28
j = 29
j = 30
j = 31
j = 32
j = 33
j = 34
j = 35
j = 36
j = 37
j = 38
j = 39
j = 40
j = 41
j = 42
j = 43
j = 44
j = 45
j = 46
j = 47
j = 48
j = 49
j = 50
j = 51
j = 52
j = 53
j = 54
j = 55
j = 56
j = 57
j = 58
j = 59
j = 60
j = 61
j = 62
i = 36
j = 1
j = 2
j = 3
j = 4
j = 5
j = 6
j = 7
j = 8
j = 9
j = 10
j = 11
j = 12
j = 13
j = 14
j = 15
j = 16
j = 17
j = 18
j = 19
j = 20
j = 21
j = 22
j = 23
j = 24
j = 25
j = 26
j = 27
j = 28
j = 29
j = 30
j = 31
j = 32
j = 33
j = 34
j = 35
j = 36
j = 37
j = 38
j = 39
j = 40
j = 41
j = 42
j = 43
j = 44
j = 45
j = 46
j = 47
j = 48
j = 49
j = 50
j = 51
j = 52
j = 53
j = 54
j = 55
j = 56
j = 57
j = 58
j = 59
j = 60
j = 61
j = 62
i = 37
j = 1
j = 2
j = 3
j = 4
j = 5
j = 6
j = 7
j = 8
j = 9
j = 10
j = 11
j = 12
j = 13
j = 14
j = 15
j = 16
j = 17
j = 18
j = 19
j = 20
j = 21
j = 22
j = 23
j = 24
j = 25
j = 26
j = 27
j = 28
j = 29
j = 30
j = 31
j = 32
j = 33
j = 34
j = 35
j = 36
j = 37
j = 38
j = 39
j = 40
j = 41
j = 42
j = 43
j = 44
j = 45
j = 46
j = 47
j = 48
j = 49
j = 50
j = 51
j = 52
j = 53
j = 54
j = 55
j = 56
j = 57
j = 58
j = 59
j = 60
j = 61
j = 62
i = 38
j = 1
j = 2
j = 3
j = 4
j = 5
j = 6
j = 7
j = 8
j = 9
j = 10
j = 11
j = 12
j = 13
j = 14
j = 15
j = 16
j = 17
j = 18
j = 19
j = 20
j = 21
j = 22
j = 23
j = 24
j = 25
j = 26
j = 27
j = 28
j = 29
j = 30
j = 31
j = 32
j = 33
j = 34
j = 35
j = 36
j = 37
j = 38
j = 39
j = 40
j = 41
j = 42
j = 43
j = 44
j = 45
j = 46
j = 47
j = 48
j = 49
j = 50
j = 51
j = 52
j = 53
j = 54
j = 55
j = 56
j = 57
j = 58
j = 59
j = 60
j = 61
j = 62
i = 39
j = 1
j = 2
j = 3
j = 4
j = 5
j = 6
j = 7
j = 8
j = 9
j = 10
j = 11
j = 12
j = 13
j = 14
j = 15
j = 16
j = 17
j = 18
j = 19
j = 20
j = 21
j = 22
j = 23
j = 24
j = 25
j = 26
j = 27
j = 28
j = 29
j = 30
j = 31
j = 32
j = 33
j = 34
j = 35
j = 36
j = 37
j = 38
j = 39
j = 40
j = 41
j = 42
j = 43
j = 44
j = 45
j = 46
j = 47
j = 48
j = 49
j = 50
j = 51
j = 52
j = 53
j = 54
j = 55
j = 56
j = 57
j = 58
j = 59
j = 60
j = 61
j = 62
i = 40
j = 1
j = 2
j = 3
j = 4
j = 5
j = 6
j = 7
j = 8
j = 9
j = 10
j = 11
j = 12
j = 13
j = 14
j = 15
j = 16
j = 17
j = 18
j = 19
j = 20
j = 21
j = 22
j = 23
j = 24
j = 25
j = 26
j = 27
j = 28
j = 29
j = 30
j = 31
j = 32
j = 33
j = 34
j = 35
j = 36
j = 37
j = 38
j = 39
j = 40
j = 41
j = 42
j = 43
j = 44
j = 45
j = 46
j = 47
j = 48
j = 49
j = 50
j = 51
j = 52
j = 53
j = 54
j = 55
j = 56
j = 57
j = 58
j = 59
j = 60
j = 61
j = 62
i = 41
j = 1
j = 2
j = 3
j = 4
j = 5
j = 6
j = 7
j = 8
j = 9
j = 10
j = 11
j = 12
j = 13
j = 14
j = 15
j = 16
j = 17
j = 18
j = 19
j = 20
j = 21
j = 22
j = 23
j = 24
j = 25
j = 26
j = 27
j = 28
j = 29
j = 30
j = 31
j = 32
j = 33
j = 34
j = 35
j = 36
j = 37
j = 38
j = 39
j = 40
j = 41
j = 42
j = 43
j = 44
j = 45
j = 46
j = 47
j = 48
j = 49
j = 50
j = 51
j = 52
j = 53
j = 54
j = 55
j = 56
j = 57
j = 58
j = 59
j = 60
j = 61
j = 62
i = 42
j = 1
j = 2
j = 3
j = 4
j = 5
j = 6
j = 7
j = 8
j = 9
j = 10
j = 11
j = 12
j = 13
j = 14
j = 15
j = 16
j = 17
j = 18
j = 19
j = 20
j = 21
j = 22
j = 23
j = 24
j = 25
j = 26
j = 27
j = 28
j = 29
j = 30
j = 31
j = 32
j = 33
j = 34
j = 35
j = 36
j = 37
j = 38
j = 39
j = 40
j = 41
j = 42
j = 43
j = 44
j = 45
j = 46
j = 47
j = 48
j = 49
j = 50
j = 51
j = 52
j = 53
j = 54
j = 55
j = 56
j = 57
j = 58
j = 59
j = 60
j = 61
j = 62
i = 43
j = 1
j = 2
j = 3
j = 4
j = 5
j = 6
j = 7
j = 8
j = 9
j = 10
j = 11
j = 12
j = 13
j = 14
j = 15
j = 16
j = 17
j = 18
j = 19
j = 20
j = 21
j = 22
j = 23
j = 24
j = 25
j = 26
j = 27
j = 28
j = 29
j = 30
j = 31
j = 32
j = 33
j = 34
j = 35
j = 36
j = 37
j = 38
j = 39
j = 40
j = 41
j = 42
j = 43
j = 44
j = 45
j = 46
j = 47
j = 48
j = 49
j = 50
j = 51
j = 52
j = 53
j = 54
j = 55
j = 56
j = 57
j = 58
j = 59
j = 60
j = 61
j = 62
i = 44
j = 1
j = 2
j = 3
j = 4
j = 5
j = 6
j = 7
j = 8
j = 9
j = 10
j = 11
j = 12
j = 13
j = 14
j = 15
j = 16
j = 17
j = 18
j = 19
j = 20
j = 21
j = 22
j = 23
j = 24
j = 25
j = 26
j = 27
j = 28
j = 29
j = 30
j = 31
j = 32
j = 33
j = 34
j = 35
j = 36
j = 37
j = 38
j = 39
j = 40
j = 41
j = 42
j = 43
j = 44
j = 45
j = 46
j = 47
j = 48
j = 49
j = 50
j = 51
j = 52
j = 53
j = 54
j = 55
j = 56
j = 57
j = 58
j = 59
j = 60
j = 61
j = 62
i = 45
j = 1
j = 2
j = 3
j = 4
j = 5
j = 6
j = 7
j = 8
j = 9
j = 10
j = 11
j = 12
j = 13
j = 14
j = 15
j = 16
j = 17
j = 18
j = 19
j = 20
j = 21
j = 22
j = 23
j = 24
j = 25
j = 26
j = 27
j = 28
j = 29
j = 30
j = 31
j = 32
j = 33
j = 34
j = 35
j = 36
j = 37
j = 38
j = 39
j = 40
j = 41
j = 42
j = 43
j = 44
j = 45
j = 46
j = 47
j = 48
j = 49
j = 50
j = 51
j = 52
j = 53
j = 54
j = 55
j = 56
j = 57
j = 58
j = 59
j = 60
j = 61
j = 62
i = 46
j = 1
j = 2
j = 3
j = 4
j = 5
j = 6
j = 7
j = 8
j = 9
j = 10
j = 11
j = 12
j = 13
j = 14
j = 15
j = 16
j = 17
j = 18
j = 19
j = 20
j = 21
j = 22
j = 23
j = 24
j = 25
j = 26
j = 27
j = 28
j = 29
j = 30
j = 31
j = 32
j = 33
j = 34
j = 35
j = 36
j = 37
j = 38
j = 39
j = 40
j = 41
j = 42
j = 43
j = 44
j = 45
j = 46
j = 47
j = 48
j = 49
j = 50
j = 51
j = 52
j = 53
j = 54
j = 55
j = 56
j = 57
j = 58
j = 59
j = 60
j = 61
j = 62
i = 47
j = 1
j = 2
j = 3
j = 4
j = 5
j = 6
j = 7
j = 8
j = 9
j = 10
j = 11
j = 12
j = 13
j = 14
j = 15
j = 16
j = 17
j = 18
j = 19
j = 20
j = 21
j = 22
j = 23
j = 24
j = 25
j = 26
j = 27
j = 28
j = 29
j = 30
j = 31
j = 32
j = 33
j = 34
j = 35
j = 36
j = 37
j = 38
j = 39
j = 40
j = 41
j = 42
j = 43
j = 44
j = 45
j = 46
j = 47
j = 48
j = 49
j = 50
j = 51
j = 52
j = 53
j = 54
j = 55
j = 56
j = 57
j = 58
j = 59
j = 60
j = 61
j = 62
i = 48
j = 1
j = 2
j = 3
j = 4
j = 5
j = 6
j = 7
j = 8
j = 9
j = 10
j = 11
j = 12
j = 13
j = 14
j = 15
j = 16
j = 17
j = 18
j = 19
j = 20
j = 21
j = 22
j = 23
j = 24
j = 25
j = 26
j = 27
j = 28
j = 29
j = 30
j = 31
j = 32
j = 33
j = 34
j = 35
j = 36
j = 37
j = 38
j = 39
j = 40
j = 41
j = 42
j = 43
j = 44
j = 45
j = 46
j = 47
j = 48
j = 49
j = 50
j = 51
j = 52
j = 53
j = 54
j = 55
j = 56
j = 57
j = 58
j = 59
j = 60
j = 61
j = 62
i = 49
j = 1
j = 2
j = 3
j = 4
j = 5
j = 6
j = 7
j = 8
j = 9
j = 10
j = 11
j = 12
j = 13
j = 14
j = 15
j = 16
j = 17
j = 18
j = 19
j = 20
j = 21
j = 22
j = 23
j = 24
j = 25
j = 26
j = 27
j = 28
j = 29
j = 30
j = 31
j = 32
j = 33
j = 34
j = 35
j = 36
j = 37
j = 38
j = 39
j = 40
j = 41
j = 42
j = 43
j = 44
j = 45
j = 46
j = 47
j = 48
j = 49
j = 50
j = 51
j = 52
j = 53
j = 54
j = 55
j = 56
j = 57
j = 58
j = 59
j = 60
j = 61
j = 62
i = 50
j = 1
j = 2
j = 3
j = 4
j = 5
j = 6
j = 7
j = 8
j = 9
j = 10
j = 11
j = 12
j = 13
j = 14
j = 15
j = 16
j = 17
j = 18
j = 19
j = 20
j = 21
j = 22
j = 23
j = 24
j = 25
j = 26
j = 27
j = 28
j = 29
j = 30
j = 31
j = 32
j = 33
j = 34
j = 35
j = 36
j = 37
j = 38
j = 39
j = 40
j = 41
j = 42
j = 43
j = 44
j = 45
j = 46
j = 47
j = 48
j = 49
j = 50
j = 51
j = 52
j = 53
j = 54
j = 55
j = 56
j = 57
j = 58
j = 59
j = 60
j = 61
j = 62
i = 51
j = 1
j = 2
j = 3
j = 4
j = 5
j = 6
j = 7
j = 8
j = 9
j = 10
j = 11
j = 12
j = 13
j = 14
j = 15
j = 16
j = 17
j = 18
j = 19
j = 20
j = 21
j = 22
j = 23
j = 24
j = 25
j = 26
j = 27
j = 28
j = 29
j = 30
j = 31
j = 32
j = 33
j = 34
j = 35
j = 36
j = 37
j = 38
j = 39
j = 40
j = 41
j = 42
j = 43
j = 44
j = 45
j = 46
j = 47
j = 48
j = 49
j = 50
j = 51
j = 52
j = 53
j = 54
j = 55
j = 56
j = 57
j = 58
j = 59
j = 60
j = 61
j = 62
i = 52
j = 1
j = 2
j = 3
j = 4
j = 5
j = 6
j = 7
j = 8
j = 9
j = 10
j = 11
j = 12
j = 13
j = 14
j = 15
j = 16
j = 17
j = 18
j = 19
j = 20
j = 21
j = 22
j = 23
j = 24
j = 25
j = 26
j = 27
j = 28
j = 29
j = 30
j = 31
j = 32
j = 33
j = 34
j = 35
j = 36
j = 37
j = 38
j = 39
j = 40
j = 41
j = 42
j = 43
j = 44
j = 45
j = 46
j = 47
j = 48
j = 49
j = 50
j = 51
j = 52
j = 53
j = 54
j = 55
j = 56
j = 57
j = 58
j = 59
j = 60
j = 61
j = 62
i = 53
j = 1
j = 2
j = 3
j = 4
j = 5
j = 6
j = 7
j = 8
j = 9
j = 10
j = 11
j = 12
j = 13
j = 14
j = 15
j = 16
j = 17
j = 18
j = 19
j = 20
j = 21
j = 22
j = 23
j = 24
j = 25
j = 26
j = 27
j = 28
j = 29
j = 30
j = 31
j = 32
j = 33
j = 34
j = 35
j = 36
j = 37
j = 38
j = 39
j = 40
j = 41
j = 42
j = 43
j = 44
j = 45
j = 46
j = 47
j = 48
j = 49
j = 50
j = 51
j = 52
j = 53
j = 54
j = 55
j = 56
j = 57
j = 58
j = 59
j = 60
j = 61
j = 62
i = 54
j = 1
j = 2
j = 3
j = 4
j = 5
j = 6
j = 7
j = 8
j = 9
j = 10
j = 11
j = 12
j = 13
j = 14
j = 15
j = 16
j = 17
j = 18
j = 19
j = 20
j = 21
j = 22
j = 23
j = 24
j = 25
j = 26
j = 27
j = 28
j = 29
j = 30
j = 31
j = 32
j = 33
j = 34
j = 35
j = 36
j = 37
j = 38
j = 39
j = 40
j = 41
j = 42
j = 43
j = 44
j = 45
j = 46
j = 47
j = 48
j = 49
j = 50
j = 51
j = 52
j = 53
j = 54
j = 55
j = 56
j = 57
j = 58
j = 59
j = 60
j = 61
j = 62
i = 55
j = 1
j = 2
j = 3
j = 4
j = 5
j = 6
j = 7
j = 8
j = 9
j = 10
j = 11
j = 12
j = 13
j = 14
j = 15
j = 16
j = 17
j = 18
j = 19
j = 20
j = 21
j = 22
j = 23
j = 24
j = 25
j = 26
j = 27
j = 28
j = 29
j = 30
j = 31
j = 32
j = 33
j = 34
j = 35
j = 36
j = 37
j = 38
j = 39
j = 40
j = 41
j = 42
j = 43
j = 44
j = 45
j = 46
j = 47
j = 48
j = 49
j = 50
j = 51
j = 52
j = 53
j = 54
j = 55
j = 56
j = 57
j = 58
j = 59
j = 60
j = 61
j = 62
i = 56
j = 1
j = 2
j = 3
j = 4
j = 5
j = 6
j = 7
j = 8
j = 9
j = 10
j = 11
j = 12
j = 13
j = 14
j = 15
j = 16
j = 17
j = 18
j = 19
j = 20
j = 21
j = 22
j = 23
j = 24
j = 25
j = 26
j = 27
j = 28
j = 29
j = 30
j = 31
j = 32
j = 33
j = 34
j = 35
j = 36
j = 37
j = 38
j = 39
j = 40
j = 41
j = 42
j = 43
j = 44
j = 45
j = 46
j = 47
j = 48
j = 49
j = 50
j = 51
j = 52
j = 53
j = 54
j = 55
j = 56
j = 57
j = 58
j = 59
j = 60
j = 61
j = 62
i = 57
j = 1
j = 2
j = 3
j = 4
j = 5
j = 6
j = 7
j = 8
j = 9
j = 10
j = 11
j = 12
j = 13
j = 14
j = 15
j = 16
j = 17
j = 18
j = 19
j = 20
j = 21
j = 22
j = 23
j = 24
j = 25
j = 26
j = 27
j = 28
j = 29
j = 30
j = 31
j = 32
j = 33
j = 34
j = 35
j = 36
j = 37
j = 38
j = 39
j = 40
j = 41
j = 42
j = 43
j = 44
j = 45
j = 46
j = 47
j = 48
j = 49
j = 50
j = 51
j = 52
j = 53
j = 54
j = 55
j = 56
j = 57
j = 58
j = 59
j = 60
j = 61
j = 62
i = 58
j = 1
j = 2
j = 3
j = 4
j = 5
j = 6
j = 7
j = 8
j = 9
j = 10
j = 11
j = 12
j = 13
j = 14
j = 15
j = 16
j = 17
j = 18
j = 19
j = 20
j = 21
j = 22
j = 23
j = 24
j = 25
j = 26
j = 27
j = 28
j = 29
j = 30
j = 31
j = 32
j = 33
j = 34
j = 35
j = 36
j = 37
j = 38
j = 39
j = 40
j = 41
j = 42
j = 43
j = 44
j = 45
j = 46
j = 47
j = 48
j = 49
j = 50
j = 51
j = 52
j = 53
j = 54
j = 55
j = 56
j = 57
j = 58
j = 59
j = 60
j = 61
j = 62
i = 59
j = 1
j = 2
j = 3
j = 4
j = 5
j = 6
j = 7
j = 8
j = 9
j = 10
j = 11
j = 12
j = 13
j = 14
j = 15
j = 16
j = 17
j = 18
j = 19
j = 20
j = 21
j = 22
j = 23
j = 24
j = 25
j = 26
j = 27
j = 28
j = 29
j = 30
j = 31
j = 32
j = 33
j = 34
j = 35
j = 36
j = 37
j = 38
j = 39
j = 40
j = 41
j = 42
j = 43
j = 44
j = 45
j = 46
j = 47
j = 48
j = 49
j = 50
j = 51
j = 52
j = 53
j = 54
j = 55
j = 56
j = 57
j = 58
j = 59
j = 60
j = 61
j = 62
i = 60
j = 1
j = 2
j = 3
j = 4
j = 5
j = 6
j = 7
j = 8
j = 9
j = 10
j = 11
j = 12
j = 13
j = 14
j = 15
j = 16
j = 17
j = 18
j = 19
j = 20
j = 21
j = 22
j = 23
j = 24
j = 25
j = 26
j = 27
j = 28
j = 29
j = 30
j = 31
j = 32
j = 33
j = 34
j = 35
j = 36
j = 37
j = 38
j = 39
j = 40
j = 41
j = 42
j = 43
j = 44
j = 45
j = 46
j = 47
j = 48
j = 49
j = 50
j = 51
j = 52
j = 53
j = 54
j = 55
j = 56
j = 57
j = 58
j = 59
j = 60
j = 61
j = 62
i = 61
j = 1
j = 2
j = 3
j = 4
j = 5
j = 6
j = 7
j = 8
j = 9
j = 10
j = 11
j = 12
j = 13
j = 14
j = 15
j = 16
j = 17
j = 18
j = 19
j = 20
j = 21
j = 22
j = 23
j = 24
j = 25
j = 26
j = 27
j = 28
j = 29
j = 30
j = 31
j = 32
j = 33
j = 34
j = 35
j = 36
j = 37
j = 38
j = 39
j = 40
j = 41
j = 42
j = 43
j = 44
j = 45
j = 46
j = 47
j = 48
j = 49
j = 50
j = 51
j = 52
j = 53
j = 54
j = 55
j = 56
j = 57
j = 58
j = 59
j = 60
j = 61
j = 62
i = 62
j = 1
j = 2
j = 3
j = 4
j = 5
j = 6
j = 7
j = 8
j = 9
j = 10
j = 11
j = 12
j = 13
j = 14
j = 15
j = 16
j = 17
j = 18
j = 19
j = 20
j = 21
j = 22
j = 23
j = 24
j = 25
j = 26
j = 27
j = 28
j = 29
j = 30
j = 31
j = 32
j = 33
j = 34
j = 35
j = 36
j = 37
j = 38
j = 39
j = 40
j = 41
j = 42
j = 43
j = 44
j = 45
j = 46
j = 47
j = 48
j = 49
j = 50
j = 51
j = 52
j = 53
j = 54
j = 55
j = 56
j = 57
j = 58
j = 59
j = 60
j = 61
j = 62
i = 63
j = 1
j = 2
j = 3
j = 4
j = 5
j = 6
j = 7
j = 8
j = 9
j = 10
j = 11
j = 12
j = 13
j = 14
j = 15
j = 16
j = 17
j = 18
j = 19
j = 20
j = 21
j = 22
j = 23
j = 24
j = 25
j = 26
j = 27
j = 28
j = 29
j = 30
j = 31
j = 32
j = 33
j = 34
j = 35
j = 36
j = 37
j = 38
j = 39
j = 40
j = 41
j = 42
j = 43
j = 44
j = 45
j = 46
j = 47
j = 48
j = 49
j = 50
j = 51
j = 52
j = 53
j = 54
j = 55
j = 56
j = 57
j = 58
j = 59
j = 60
j = 61
j = 62
i = 64
j = 1
j = 2
j = 3
j = 4
j = 5
j = 6
j = 7
j = 8
j = 9
j = 10
j = 11
j = 12
j = 13
j = 14
j = 15
j = 16
j = 17
j = 18
j = 19
j = 20
j = 21
j = 22
j = 23
j = 24
j = 25
j = 26
j = 27
j = 28
j = 29
j = 30
j = 31
j = 32
j = 33
j = 34
j = 35
j = 36
j = 37
j = 38
j = 39
j = 40
j = 41
j = 42
j = 43
j = 44
j = 45
j = 46
j = 47
j = 48
j = 49
j = 50
j = 51
j = 52
j = 53
j = 54
j = 55
j = 56
j = 57
j = 58
j = 59
j = 60
j = 61
j = 62
i = 65
j = 1
j = 2
j = 3
j = 4
j = 5
j = 6
j = 7
j = 8
j = 9
j = 10
j = 11
j = 12
j = 13
j = 14
j = 15
j = 16
j = 17
j = 18
j = 19
j = 20
j = 21
j = 22
j = 23
j = 24
j = 25
j = 26
j = 27
j = 28
j = 29
j = 30
j = 31
j = 32
j = 33
j = 34
j = 35
j = 36
j = 37
j = 38
j = 39
j = 40
j = 41
j = 42
j = 43
j = 44
j = 45
j = 46
j = 47
j = 48
j = 49
j = 50
j = 51
j = 52
j = 53
j = 54
j = 55
j = 56
j = 57
j = 58
j = 59
j = 60
j = 61
j = 62
i = 66
j = 1
j = 2
j = 3
j = 4
j = 5
j = 6
j = 7
j = 8
j = 9
j = 10
j = 11
j = 12
j = 13
j = 14
j = 15
j = 16
j = 17
j = 18
j = 19
j = 20
j = 21
j = 22
j = 23
j = 24
j = 25
j = 26
j = 27
j = 28
j = 29
j = 30
j = 31
j = 32
j = 33
j = 34
j = 35
j = 36
j = 37
j = 38
j = 39
j = 40
j = 41
j = 42
j = 43
j = 44
j = 45
j = 46
j = 47
j = 48
j = 49
j = 50
j = 51
j = 52
j = 53
j = 54
j = 55
j = 56
j = 57
j = 58
j = 59
j = 60
j = 61
j = 62
i = 67
j = 1
j = 2
j = 3
j = 4
j = 5
j = 6
j = 7
j = 8
j = 9
j = 10
j = 11
j = 12
j = 13
j = 14
j = 15
j = 16
j = 17
j = 18
j = 19
j = 20
j = 21
j = 22
j = 23
j = 24
j = 25
j = 26
j = 27
j = 28
j = 29
j = 30
j = 31
j = 32
j = 33
j = 34
j = 35
j = 36
j = 37
j = 38
j = 39
j = 40
j = 41
j = 42
j = 43
j = 44
j = 45
j = 46
j = 47
j = 48
j = 49
j = 50
j = 51
j = 52
j = 53
j = 54
j = 55
j = 56
j = 57
j = 58
j = 59
j = 60
j = 61
j = 62
i = 68
j = 1
j = 2
j = 3
j = 4
j = 5
j = 6
j = 7
j = 8
j = 9
j = 10
j = 11
j = 12
j = 13
j = 14
j = 15
j = 16
j = 17
j = 18
j = 19
j = 20
j = 21
j = 22
j = 23
j = 24
j = 25
j = 26
j = 27
j = 28
j = 29
j = 30
j = 31
j = 32
j = 33
j = 34
j = 35
j = 36
j = 37
j = 38
j = 39
j = 40
j = 41
j = 42
j = 43
j = 44
j = 45
j = 46
j = 47
j = 48
j = 49
j = 50
j = 51
j = 52
j = 53
j = 54
j = 55
j = 56
j = 57
j = 58
j = 59
j = 60
j = 61
j = 62
i = 69
j = 1
j = 2
j = 3
j = 4
j = 5
j = 6
j = 7
j = 8
j = 9
j = 10
j = 11
j = 12
j = 13
j = 14
j = 15
j = 16
j = 17
j = 18
j = 19
j = 20
j = 21
j = 22
j = 23
j = 24
j = 25
j = 26
j = 27
j = 28
j = 29
j = 30
j = 31
j = 32
j = 33
j = 34
j = 35
j = 36
j = 37
j = 38
j = 39
j = 40
j = 41
j = 42
j = 43
j = 44
j = 45
j = 46
j = 47
j = 48
j = 49
j = 50
j = 51
j = 52
j = 53
j = 54
j = 55
j = 56
j = 57
j = 58
j = 59
j = 60
j = 61
j = 62
i = 70
j = 1
j = 2
j = 3
j = 4
j = 5
j = 6
j = 7
j = 8
j = 9
j = 10
j = 11
j = 12
j = 13
j = 14
j = 15
j = 16
j = 17
j = 18
j = 19
j = 20
j = 21
j = 22
j = 23
j = 24
j = 25
j = 26
j = 27
j = 28
j = 29
j = 30
j = 31
j = 32
j = 33
j = 34
j = 35
j = 36
j = 37
j = 38
j = 39
j = 40
j = 41
j = 42
j = 43
j = 44
j = 45
j = 46
j = 47
j = 48
j = 49
j = 50
j = 51
j = 52
j = 53
j = 54
j = 55
j = 56
j = 57
j = 58
j = 59
j = 60
j = 61
j = 62
i = 71
j = 1
j = 2
j = 3
j = 4
j = 5
j = 6
j = 7
j = 8
j = 9
j = 10
j = 11
j = 12
j = 13
j = 14
j = 15
j = 16
j = 17
j = 18
j = 19
j = 20
j = 21
j = 22
j = 23
j = 24
j = 25
j = 26
j = 27
j = 28
j = 29
j = 30
j = 31
j = 32
j = 33
j = 34
j = 35
j = 36
j = 37
j = 38
j = 39
j = 40
j = 41
j = 42
j = 43
j = 44
j = 45
j = 46
j = 47
j = 48
j = 49
j = 50
j = 51
j = 52
j = 53
j = 54
j = 55
j = 56
j = 57
j = 58
j = 59
j = 60
j = 61
j = 62
i = 72
j = 1
j = 2
j = 3
j = 4
j = 5
j = 6
j = 7
j = 8
j = 9
j = 10
j = 11
j = 12
j = 13
j = 14
j = 15
j = 16
j = 17
j = 18
j = 19
j = 20
j = 21
j = 22
j = 23
j = 24
j = 25
j = 26
j = 27
j = 28
j = 29
j = 30
j = 31
j = 32
j = 33
j = 34
j = 35
j = 36
j = 37
j = 38
j = 39
j = 40
j = 41
j = 42
j = 43
j = 44
j = 45
j = 46
j = 47
j = 48
j = 49
j = 50
j = 51
j = 52
j = 53
j = 54
j = 55
j = 56
j = 57
j = 58
j = 59
j = 60
j = 61
j = 62
i = 73
j = 1
j = 2
j = 3
j = 4
j = 5
j = 6
j = 7
j = 8
j = 9
j = 10
j = 11
j = 12
j = 13
j = 14
j = 15
j = 16
j = 17
j = 18
j = 19
j = 20
j = 21
j = 22
j = 23
j = 24
j = 25
j = 26
j = 27
j = 28
j = 29
j = 30
j = 31
j = 32
j = 33
j = 34
j = 35
j = 36
j = 37
j = 38
j = 39
j = 40
j = 41
j = 42
j = 43
j = 44
j = 45
j = 46
j = 47
j = 48
j = 49
j = 50
j = 51
j = 52
j = 53
j = 54
j = 55
j = 56
j = 57
j = 58
j = 59
j = 60
j = 61
j = 62
i = 74
j = 1
j = 2
j = 3
j = 4
j = 5
j = 6
j = 7
j = 8
j = 9
j = 10
j = 11
j = 12
j = 13
j = 14
j = 15
j = 16
j = 17
j = 18
j = 19
j = 20
j = 21
j = 22
j = 23
j = 24
j = 25
j = 26
j = 27
j = 28
j = 29
j = 30
j = 31
j = 32
j = 33
j = 34
j = 35
j = 36
j = 37
j = 38
j = 39
j = 40
j = 41
j = 42
j = 43
j = 44
j = 45
j = 46
j = 47
j = 48
j = 49
j = 50
j = 51
j = 52
j = 53
j = 54
j = 55
j = 56
j = 57
j = 58
j = 59
j = 60
j = 61
j = 62
i = 75
j = 1
j = 2
j = 3
j = 4
j = 5
j = 6
j = 7
j = 8
j = 9
j = 10
j = 11
j = 12
j = 13
j = 14
j = 15
j = 16
j = 17
j = 18
j = 19
j = 20
j = 21
j = 22
j = 23
j = 24
j = 25
j = 26
j = 27
j = 28
j = 29
j = 30
j = 31
j = 32
j = 33
j = 34
j = 35
j = 36
j = 37
j = 38
j = 39
j = 40
j = 41
j = 42
j = 43
j = 44
j = 45
j = 46
j = 47
j = 48
j = 49
j = 50
j = 51
j = 52
j = 53
j = 54
j = 55
j = 56
j = 57
j = 58
j = 59
j = 60
j = 61
j = 62
i = 76
j = 1
j = 2
j = 3
j = 4
j = 5
j = 6
j = 7
j = 8
j = 9
j = 10
j = 11
j = 12
j = 13
j = 14
j = 15
j = 16
j = 17
j = 18
j = 19
j = 20
j = 21
j = 22
j = 23
j = 24
j = 25
j = 26
j = 27
j = 28
j = 29
j = 30
j = 31
j = 32
j = 33
j = 34
j = 35
j = 36
j = 37
j = 38
j = 39
j = 40
j = 41
j = 42
j = 43
j = 44
j = 45
j = 46
j = 47
j = 48
j = 49
j = 50
j = 51
j = 52
j = 53
j = 54
j = 55
j = 56
j = 57
j = 58
j = 59
j = 60
j = 61
j = 62
i = 77
j = 1
j = 2
j = 3
j = 4
j = 5
j = 6
j = 7
j = 8
j = 9
j = 10
j = 11
j = 12
j = 13
j = 14
j = 15
j = 16
j = 17
j = 18
j = 19
j = 20
j = 21
j = 22
j = 23
j = 24
j = 25
j = 26
j = 27
j = 28
j = 29
j = 30
j = 31
j = 32
j = 33
j = 34
j = 35
j = 36
j = 37
j = 38
j = 39
j = 40
j = 41
j = 42
j = 43
j = 44
j = 45
j = 46
j = 47
j = 48
j = 49
j = 50
j = 51
j = 52
j = 53
j = 54
j = 55
j = 56
j = 57
j = 58
j = 59
j = 60
j = 61
j = 62
i = 78
j = 1
j = 2
j = 3
j = 4
j = 5
j = 6
j = 7
j = 8
j = 9
j = 10
j = 11
j = 12
j = 13
j = 14
j = 15
j = 16
j = 17
j = 18
j = 19
j = 20
j = 21
j = 22
j = 23
j = 24
j = 25
j = 26
j = 27
j = 28
j = 29
j = 30
j = 31
j = 32
j = 33
j = 34
j = 35
j = 36
j = 37
j = 38
j = 39
j = 40
j = 41
j = 42
j = 43
j = 44
j = 45
j = 46
j = 47
j = 48
j = 49
j = 50
j = 51
j = 52
j = 53
j = 54
j = 55
j = 56
j = 57
j = 58
j = 59
j = 60
j = 61
j = 62
i = 79
j = 1
j = 2
j = 3
j = 4
j = 5
j = 6
j = 7
j = 8
j = 9
j = 10
j = 11
j = 12
j = 13
j = 14
j = 15
j = 16
j = 17
j = 18
j = 19
j = 20
j = 21
j = 22
j = 23
j = 24
j = 25
j = 26
j = 27
j = 28
j = 29
j = 30
j = 31
j = 32
j = 33
j = 34
j = 35
j = 36
j = 37
j = 38
j = 39
j = 40
j = 41
j = 42
j = 43
j = 44
j = 45
j = 46
j = 47
j = 48
j = 49
j = 50
j = 51
j = 52
j = 53
j = 54
j = 55
j = 56
j = 57
j = 58
j = 59
j = 60
j = 61
j = 62
i = 80
j = 1
j = 2
j = 3
j = 4
j = 5
j = 6
j = 7
j = 8
j = 9
j = 10
j = 11
j = 12
j = 13
j = 14
j = 15
j = 16
j = 17
j = 18
j = 19
j = 20
j = 21
j = 22
j = 23
j = 24
j = 25
j = 26
j = 27
j = 28
j = 29
j = 30
j = 31
j = 32
j = 33
j = 34
j = 35
j = 36
j = 37
j = 38
j = 39
j = 40
j = 41
j = 42
j = 43
j = 44
j = 45
j = 46
j = 47
j = 48
j = 49
j = 50
j = 51
j = 52
j = 53
j = 54
j = 55
j = 56
j = 57
j = 58
j = 59
j = 60
j = 61
j = 62
i = 81
j = 1
j = 2
j = 3
j = 4
j = 5
j = 6
j = 7
j = 8
j = 9
j = 10
j = 11
j = 12
j = 13
j = 14
j = 15
j = 16
j = 17
j = 18
j = 19
j = 20
j = 21
j = 22
j = 23
j = 24
j = 25
j = 26
j = 27
j = 28
j = 29
j = 30
j = 31
j = 32
j = 33
j = 34
j = 35
j = 36
j = 37
j = 38
j = 39
j = 40
j = 41
j = 42
j = 43
j = 44
j = 45
j = 46
j = 47
j = 48
j = 49
j = 50
j = 51
j = 52
j = 53
j = 54
j = 55
j = 56
j = 57
j = 58
j = 59
j = 60
j = 61
j = 62
i = 82
j = 1
j = 2
j = 3
j = 4
j = 5
j = 6
j = 7
j = 8
j = 9
j = 10
j = 11
j = 12
j = 13
j = 14
j = 15
j = 16
j = 17
j = 18
j = 19
j = 20
j = 21
j = 22
j = 23
j = 24
j = 25
j = 26
j = 27
j = 28
j = 29
j = 30
j = 31
j = 32
j = 33
j = 34
j = 35
j = 36
j = 37
j = 38
j = 39
j = 40
j = 41
j = 42
j = 43
j = 44
j = 45
j = 46
j = 47
j = 48
j = 49
j = 50
j = 51
j = 52
j = 53
j = 54
j = 55
j = 56
j = 57
j = 58
j = 59
j = 60
j = 61
j = 62
i = 83
j = 1
j = 2
j = 3
j = 4
j = 5
j = 6
j = 7
j = 8
j = 9
j = 10
j = 11
j = 12
j = 13
j = 14
j = 15
j = 16
j = 17
j = 18
j = 19
j = 20
j = 21
j = 22
j = 23
j = 24
j = 25
j = 26
j = 27
j = 28
j = 29
j = 30
j = 31
j = 32
j = 33
j = 34
j = 35
j = 36
j = 37
j = 38
j = 39
j = 40
j = 41
j = 42
j = 43
j = 44
j = 45
j = 46
j = 47
j = 48
j = 49
j = 50
j = 51
j = 52
j = 53
j = 54
j = 55
j = 56
j = 57
j = 58
j = 59
j = 60
j = 61
j = 62
i = 84
j = 1
j = 2
j = 3
j = 4
j = 5
j = 6
j = 7
j = 8
j = 9
j = 10
j = 11
j = 12
j = 13
j = 14
j = 15
j = 16
j = 17
j = 18
j = 19
j = 20
j = 21
j = 22
j = 23
j = 24
j = 25
j = 26
j = 27
j = 28
j = 29
j = 30
j = 31
j = 32
j = 33
j = 34
j = 35
j = 36
j = 37
j = 38
j = 39
j = 40
j = 41
j = 42
j = 43
j = 44
j = 45
j = 46
j = 47
j = 48
j = 49
j = 50
j = 51
j = 52
j = 53
j = 54
j = 55
j = 56
j = 57
j = 58
j = 59
j = 60
j = 61
j = 62
i = 85
j = 1
j = 2
j = 3
j = 4
j = 5
j = 6
j = 7
j = 8
j = 9
j = 10
j = 11
j = 12
j = 13
j = 14
j = 15
j = 16
j = 17
j = 18
j = 19
j = 20
j = 21
j = 22
j = 23
j = 24
j = 25
j = 26
j = 27
j = 28
j = 29
j = 30
j = 31
j = 32
j = 33
j = 34
j = 35
j = 36
j = 37
j = 38
j = 39
j = 40
j = 41
j = 42
j = 43
j = 44
j = 45
j = 46
j = 47
j = 48
j = 49
j = 50
j = 51
j = 52
j = 53
j = 54
j = 55
j = 56
j = 57
j = 58
j = 59
j = 60
j = 61
j = 62
i = 86
j = 1
j = 2
j = 3
j = 4
j = 5
j = 6
j = 7
j = 8
j = 9
j = 10
j = 11
j = 12
j = 13
j = 14
j = 15
j = 16
j = 17
j = 18
j = 19
j = 20
j = 21
j = 22
j = 23
j = 24
j = 25
j = 26
j = 27
j = 28
j = 29
j = 30
j = 31
j = 32
j = 33
j = 34
j = 35
j = 36
j = 37
j = 38
j = 39
j = 40
j = 41
j = 42
j = 43
j = 44
j = 45
j = 46
j = 47
j = 48
j = 49
j = 50
j = 51
j = 52
j = 53
j = 54
j = 55
j = 56
j = 57
j = 58
j = 59
j = 60
j = 61
j = 62
i = 87
j = 1
j = 2
j = 3
j = 4
j = 5
j = 6
j = 7
j = 8
j = 9
j = 10
j = 11
j = 12
j = 13
j = 14
j = 15
j = 16
j = 17
j = 18
j = 19
j = 20
j = 21
j = 22
j = 23
j = 24
j = 25
j = 26
j = 27
j = 28
j = 29
j = 30
j = 31
j = 32
j = 33
j = 34
j = 35
j = 36
j = 37
j = 38
j = 39
j = 40
j = 41
j = 42
j = 43
j = 44
j = 45
j = 46
j = 47
j = 48
j = 49
j = 50
j = 51
j = 52
j = 53
j = 54
j = 55
j = 56
j = 57
j = 58
j = 59
j = 60
j = 61
j = 62
i = 88
j = 1
j = 2
j = 3
j = 4
j = 5
j = 6
j = 7
j = 8
j = 9
j = 10
j = 11
j = 12
j = 13
j = 14
j = 15
j = 16
j = 17
j = 18
j = 19
j = 20
j = 21
j = 22
j = 23
j = 24
j = 25
j = 26
j = 27
j = 28
j = 29
j = 30
j = 31
j = 32
j = 33
j = 34
j = 35
j = 36
j = 37
j = 38
j = 39
j = 40
j = 41
j = 42
j = 43
j = 44
j = 45
j = 46
j = 47
j = 48
j = 49
j = 50
j = 51
j = 52
j = 53
j = 54
j = 55
j = 56
j = 57
j = 58
j = 59
j = 60
j = 61
j = 62
i = 89
j = 1
j = 2
j = 3
j = 4
j = 5
j = 6
j = 7
j = 8
j = 9
j = 10
j = 11
j = 12
j = 13
j = 14
j = 15
j = 16
j = 17
j = 18
j = 19
j = 20
j = 21
j = 22
j = 23
j = 24
j = 25
j = 26
j = 27
j = 28
j = 29
j = 30
j = 31
j = 32
j = 33
j = 34
j = 35
j = 36
j = 37
j = 38
j = 39
j = 40
j = 41
j = 42
j = 43
j = 44
j = 45
j = 46
j = 47
j = 48
j = 49
j = 50
j = 51
j = 52
j = 53
j = 54
j = 55
j = 56
j = 57
j = 58
j = 59
j = 60
j = 61
j = 62
i = 90
j = 1
j = 2
j = 3
j = 4
j = 5
j = 6
j = 7
j = 8
j = 9
j = 10
j = 11
j = 12
j = 13
j = 14
j = 15
j = 16
j = 17
j = 18
j = 19
j = 20
j = 21
j = 22
j = 23
j = 24
j = 25
j = 26
j = 27
j = 28
j = 29
j = 30
j = 31
j = 32
j = 33
j = 34
j = 35
j = 36
j = 37
j = 38
j = 39
j = 40
j = 41
j = 42
j = 43
j = 44
j = 45
j = 46
j = 47
j = 48
j = 49
j = 50
j = 51
j = 52
j = 53
j = 54
j = 55
j = 56
j = 57
j = 58
j = 59
j = 60
j = 61
j = 62
i = 91
j = 1
j = 2
j = 3
j = 4
j = 5
j = 6
j = 7
j = 8
j = 9
j = 10
j = 11
j = 12
j = 13
j = 14
j = 15
j = 16
j = 17
j = 18
j = 19
j = 20
j = 21
j = 22
j = 23
j = 24
j = 25
j = 26
j = 27
j = 28
j = 29
j = 30
j = 31
j = 32
j = 33
j = 34
j = 35
j = 36
j = 37
j = 38
j = 39
j = 40
j = 41
j = 42
j = 43
j = 44
j = 45
j = 46
j = 47
j = 48
j = 49
j = 50
j = 51
j = 52
j = 53
j = 54
j = 55
j = 56
j = 57
j = 58
j = 59
j = 60
j = 61
j = 62
i = 92
j = 1
j = 2
j = 3
j = 4
j = 5
j = 6
j = 7
j = 8
j = 9
j = 10
j = 11
j = 12
j = 13
j = 14
j = 15
j = 16
j = 17
j = 18
j = 19
j = 20
j = 21
j = 22
j = 23
j = 24
j = 25
j = 26
j = 27
j = 28
j = 29
j = 30
j = 31
j = 32
j = 33
j = 34
j = 35
j = 36
j = 37
j = 38
j = 39
j = 40
j = 41
j = 42
j = 43
j = 44
j = 45
j = 46
j = 47
j = 48
j = 49
j = 50
j = 51
j = 52
j = 53
j = 54
j = 55
j = 56
j = 57
j = 58
j = 59
j = 60
j = 61
j = 62
i = 93
j = 1
j = 2
j = 3
j = 4
j = 5
j = 6
j = 7
j = 8
j = 9
j = 10
j = 11
j = 12
j = 13
j = 14
j = 15
j = 16
j = 17
j = 18
j = 19
j = 20
j = 21
j = 22
j = 23
j = 24
j = 25
j = 26
j = 27
j = 28
j = 29
j = 30
j = 31
j = 32
j = 33
j = 34
j = 35
j = 36
j = 37
j = 38
j = 39
j = 40
j = 41
j = 42
j = 43
j = 44
j = 45
j = 46
j = 47
j = 48
j = 49
j = 50
j = 51
j = 52
j = 53
j = 54
j = 55
j = 56
j = 57
j = 58
j = 59
j = 60
j = 61
j = 62
i = 94
j = 1
j = 2
j = 3
j = 4
j = 5
j = 6
j = 7
j = 8
j = 9
j = 10
j = 11
j = 12
j = 13
j = 14
j = 15
j = 16
j = 17
j = 18
j = 19
j = 20
j = 21
j = 22
j = 23
j = 24
j = 25
j = 26
j = 27
j = 28
j = 29
j = 30
j = 31
j = 32
j = 33
j = 34
j = 35
j = 36
j = 37
j = 38
j = 39
j = 40
j = 41
j = 42
j = 43
j = 44
j = 45
j = 46
j = 47
j = 48
j = 49
j = 50
j = 51
j = 52
j = 53
j = 54
j = 55
j = 56
j = 57
j = 58
j = 59
j = 60
j = 61
j = 62
i = 95
j = 1
j = 2
j = 3
j = 4
j = 5
j = 6
j = 7
j = 8
j = 9
j = 10
j = 11
j = 12
j = 13
j = 14
j = 15
j = 16
j = 17
j = 18
j = 19
j = 20
j = 21
j = 22
j = 23
j = 24
j = 25
j = 26
j = 27
j = 28
j = 29
j = 30
j = 31
j = 32
j = 33
j = 34
j = 35
j = 36
j = 37
j = 38
j = 39
j = 40
j = 41
j = 42
j = 43
j = 44
j = 45
j = 46
j = 47
j = 48
j = 49
j = 50
j = 51
j = 52
j = 53
j = 54
j = 55
j = 56
j = 57
j = 58
j = 59
j = 60
j = 61
j = 62
i = 96
j = 1
j = 2
j = 3
j = 4
j = 5
j = 6
j = 7
j = 8
j = 9
j = 10
j = 11
j = 12
j = 13
j = 14
j = 15
j = 16
j = 17
j = 18
j = 19
j = 20
j = 21
j = 22
j = 23
j = 24
j = 25
j = 26
j = 27
j = 28
j = 29
j = 30
j = 31
j = 32
j = 33
j = 34
j = 35
j = 36
j = 37
j = 38
j = 39
j = 40
j = 41
j = 42
j = 43
j = 44
j = 45
j = 46
j = 47
j = 48
j = 49
j = 50
j = 51
j = 52
j = 53
j = 54
j = 55
j = 56
j = 57
j = 58
j = 59
j = 60
j = 61
j = 62
i = 97
j = 1
j = 2
j = 3
j = 4
j = 5
j = 6
j = 7
j = 8
j = 9
j = 10
j = 11
j = 12
j = 13
j = 14
j = 15
j = 16
j = 17
j = 18
j = 19
j = 20
j = 21
j = 22
j = 23
j = 24
j = 25
j = 26
j = 27
j = 28
j = 29
j = 30
j = 31
j = 32
j = 33
j = 34
j = 35
j = 36
j = 37
j = 38
j = 39
j = 40
j = 41
j = 42
j = 43
j = 44
j = 45
j = 46
j = 47
j = 48
j = 49
j = 50
j = 51
j = 52
j = 53
j = 54
j = 55
j = 56
j = 57
j = 58
j = 59
j = 60
j = 61
j = 62
i = 98
j = 1
j = 2
j = 3
j = 4
j = 5
j = 6
j = 7
j = 8
j = 9
j = 10
j = 11
j = 12
j = 13
j = 14
j = 15
j = 16
j = 17
j = 18
j = 19
j = 20
j = 21
j = 22
j = 23
j = 24
j = 25
j = 26
j = 27
j = 28
j = 29
j = 30
j = 31
j = 32
j = 33
j = 34
j = 35
j = 36
j = 37
j = 38
j = 39
j = 40
j = 41
j = 42
j = 43
j = 44
j = 45
j = 46
j = 47
j = 48
j = 49
j = 50
j = 51
j = 52
j = 53
j = 54
j = 55
j = 56
j = 57
j = 58
j = 59
j = 60
j = 61
j = 62
i = 99
j = 1
j = 2
j = 3
j = 4
j = 5
j = 6
j = 7
j = 8
j = 9
j = 10
j = 11
j = 12
j = 13
j = 14
j = 15
j = 16
j = 17
j = 18
j = 19
j = 20
j = 21
j = 22
j = 23
j = 24
j = 25
j = 26
j = 27
j = 28
j = 29
j = 30
j = 31
j = 32
j = 33
j = 34
j = 35
j = 36
j = 37
j = 38
j = 39
j = 40
j = 41
j = 42
j = 43
j = 44
j = 45
j = 46
j = 47
j = 48
j = 49
j = 50
j = 51
j = 52
j = 53
j = 54
j = 55
j = 56
j = 57
j = 58
j = 59
j = 60
j = 61
j = 62
i = 100
j = 1
j = 2
j = 3
j = 4
j = 5
j = 6
j = 7
j = 8
j = 9
j = 10
j = 11
j = 12
j = 13
j = 14
j = 15
j = 16
j = 17
j = 18
j = 19
j = 20
j = 21
j = 22
j = 23
j = 24
j = 25
j = 26
j = 27
j = 28
j = 29
j = 30
j = 31
j = 32
j = 33
j = 34
j = 35
j = 36
j = 37
j = 38
j = 39
j = 40
j = 41
j = 42
j = 43
j = 44
j = 45
j = 46
j = 47
j = 48
j = 49
j = 50
j = 51
j = 52
j = 53
j = 54
j = 55
j = 56
j = 57
j = 58
j = 59
j = 60
j = 61
j = 62
i = 101
j = 1
j = 2
j = 3
j = 4
j = 5
j = 6
j = 7
j = 8
j = 9
j = 10
j = 11
j = 12
j = 13
j = 14
j = 15
j = 16
j = 17
j = 18
j = 19
j = 20
j = 21
j = 22
j = 23
j = 24
j = 25
j = 26
j = 27
j = 28
j = 29
j = 30
j = 31
j = 32
j = 33
j = 34
j = 35
j = 36
j = 37
j = 38
j = 39
j = 40
j = 41
j = 42
j = 43
j = 44
j = 45
j = 46
j = 47
j = 48
j = 49
j = 50
j = 51
j = 52
j = 53
j = 54
j = 55
j = 56
j = 57
j = 58
j = 59
j = 60
j = 61
j = 62
i = 102
j = 1
j = 2
j = 3
j = 4
j = 5
j = 6
j = 7
j = 8
j = 9
j = 10
j = 11
j = 12
j = 13
j = 14
j = 15
j = 16
j = 17
j = 18
j = 19
j = 20
j = 21
j = 22
j = 23
j = 24
j = 25
j = 26
j = 27
j = 28
j = 29
j = 30
j = 31
j = 32
j = 33
j = 34
j = 35
j = 36
j = 37
j = 38
j = 39
j = 40
j = 41
j = 42
j = 43
j = 44
j = 45
j = 46
j = 47
j = 48
j = 49
j = 50
j = 51
j = 52
j = 53
j = 54
j = 55
j = 56
j = 57
j = 58
j = 59
j = 60
j = 61
j = 62
i = 103
j = 1
j = 2
j = 3
j = 4
j = 5
j = 6
j = 7
j = 8
j = 9
j = 10
j = 11
j = 12
j = 13
j = 14
j = 15
j = 16
j = 17
j = 18
j = 19
j = 20
j = 21
j = 22
j = 23
j = 24
j = 25
j = 26
j = 27
j = 28
j = 29
j = 30
j = 31
j = 32
j = 33
j = 34
j = 35
j = 36
j = 37
j = 38
j = 39
j = 40
j = 41
j = 42
j = 43
j = 44
j = 45
j = 46
j = 47
j = 48
j = 49
j = 50
j = 51
j = 52
j = 53
j = 54
j = 55
j = 56
j = 57
j = 58
j = 59
j = 60
j = 61
j = 62
i = 104
j = 1
j = 2
j = 3
j = 4
j = 5
j = 6
j = 7
j = 8
j = 9
j = 10
j = 11
j = 12
j = 13
j = 14
j = 15
j = 16
j = 17
j = 18
j = 19
j = 20
j = 21
j = 22
j = 23
j = 24
j = 25
j = 26
j = 27
j = 28
j = 29
j = 30
j = 31
j = 32
j = 33
j = 34
j = 35
j = 36
j = 37
j = 38
j = 39
j = 40
j = 41
j = 42
j = 43
j = 44
j = 45
j = 46
j = 47
j = 48
j = 49
j = 50
j = 51
j = 52
j = 53
j = 54
j = 55
j = 56
j = 57
j = 58
j = 59
j = 60
j = 61
j = 62
i = 105
j = 1
j = 2
j = 3
j = 4
j = 5
j = 6
j = 7
j = 8
j = 9
j = 10
j = 11
j = 12
j = 13
j = 14
j = 15
j = 16
j = 17
j = 18
j = 19
j = 20
j = 21
j = 22
j = 23
j = 24
j = 25
j = 26
j = 27
j = 28
j = 29
j = 30
j = 31
j = 32
j = 33
j = 34
j = 35
j = 36
j = 37
j = 38
j = 39
j = 40
j = 41
j = 42
j = 43
j = 44
j = 45
j = 46
j = 47
j = 48
j = 49
j = 50
j = 51
j = 52
j = 53
j = 54
j = 55
j = 56
j = 57
j = 58
j = 59
j = 60
j = 61
j = 62
i = 106
j = 1
j = 2
j = 3
j = 4
j = 5
j = 6
j = 7
j = 8
j = 9
j = 10
j = 11
j = 12
j = 13
j = 14
j = 15
j = 16
j = 17
j = 18
j = 19
j = 20
j = 21
j = 22
j = 23
j = 24
j = 25
j = 26
j = 27
j = 28
j = 29
j = 30
j = 31
j = 32
j = 33
j = 34
j = 35
j = 36
j = 37
j = 38
j = 39
j = 40
j = 41
j = 42
j = 43
j = 44
j = 45
j = 46
j = 47
j = 48
j = 49
j = 50
j = 51
j = 52
j = 53
j = 54
j = 55
j = 56
j = 57
j = 58
j = 59
j = 60
j = 61
j = 62
i = 107
j = 1
j = 2
j = 3
j = 4
j = 5
j = 6
j = 7
j = 8
j = 9
j = 10
j = 11
j = 12
j = 13
j = 14
j = 15
j = 16
j = 17
j = 18
j = 19
j = 20
j = 21
j = 22
j = 23
j = 24
j = 25
j = 26
j = 27
j = 28
j = 29
j = 30
j = 31
j = 32
j = 33
j = 34
j = 35
j = 36
j = 37
j = 38
j = 39
j = 40
j = 41
j = 42
j = 43
j = 44
j = 45
j = 46
j = 47
j = 48
j = 49
j = 50
j = 51
j = 52
j = 53
j = 54
j = 55
j = 56
j = 57
j = 58
j = 59
j = 60
j = 61
j = 62
i = 108
j = 1
j = 2
j = 3
j = 4
j = 5
j = 6
j = 7
j = 8
j = 9
j = 10
j = 11
j = 12
j = 13
j = 14
j = 15
j = 16
j = 17
j = 18
j = 19
j = 20
j = 21
j = 22
j = 23
j = 24
j = 25
j = 26
j = 27
j = 28
j = 29
j = 30
j = 31
j = 32
j = 33
j = 34
j = 35
j = 36
j = 37
j = 38
j = 39
j = 40
j = 41
j = 42
j = 43
j = 44
j = 45
j = 46
j = 47
j = 48
j = 49
j = 50
j = 51
j = 52
j = 53
j = 54
j = 55
j = 56
j = 57
j = 58
j = 59
j = 60
j = 61
j = 62
i = 109
j = 1
j = 2
j = 3
j = 4
j = 5
j = 6
j = 7
j = 8
j = 9
j = 10
j = 11
j = 12
j = 13
j = 14
j = 15
j = 16
j = 17
j = 18
j = 19
j = 20
j = 21
j = 22
j = 23
j = 24
j = 25
j = 26
j = 27
j = 28
j = 29
j = 30
j = 31
j = 32
j = 33
j = 34
j = 35
j = 36
j = 37
j = 38
j = 39
j = 40
j = 41
j = 42
j = 43
j = 44
j = 45
j = 46
j = 47
j = 48
j = 49
j = 50
j = 51
j = 52
j = 53
j = 54
j = 55
j = 56
j = 57
j = 58
j = 59
j = 60
j = 61
j = 62
i = 110
j = 1
j = 2
j = 3
j = 4
j = 5
j = 6
j = 7
j = 8
j = 9
j = 10
j = 11
j = 12
j = 13
j = 14
j = 15
j = 16
j = 17
j = 18
j = 19
j = 20
j = 21
j = 22
j = 23
j = 24
j = 25
j = 26
j = 27
j = 28
j = 29
j = 30
j = 31
j = 32
j = 33
j = 34
j = 35
j = 36
j = 37
j = 38
j = 39
j = 40
j = 41
j = 42
j = 43
j = 44
j = 45
j = 46
j = 47
j = 48
j = 49
j = 50
j = 51
j = 52
j = 53
j = 54
j = 55
j = 56
j = 57
j = 58
j = 59
j = 60
j = 61
j = 62
i = 111
j = 1
j = 2
j = 3
j = 4
j = 5
j = 6
j = 7
j = 8
j = 9
j = 10
j = 11
j = 12
j = 13
j = 14
j = 15
j = 16
j = 17
j = 18
j = 19
j = 20
j = 21
j = 22
j = 23
j = 24
j = 25
j = 26
j = 27
j = 28
j = 29
j = 30
j = 31
j = 32
j = 33
j = 34
j = 35
j = 36
j = 37
j = 38
j = 39
j = 40
j = 41
j = 42
j = 43
j = 44
j = 45
j = 46
j = 47
j = 48
j = 49
j = 50
j = 51
j = 52
j = 53
j = 54
j = 55
j = 56
j = 57
j = 58
j = 59
j = 60
j = 61
j = 62
i = 112
j = 1
j = 2
j = 3
j = 4
j = 5
j = 6
j = 7
j = 8
j = 9
j = 10
j = 11
j = 12
j = 13
j = 14
j = 15
j = 16
j = 17
j = 18
j = 19
j = 20
j = 21
j = 22
j = 23
j = 24
j = 25
j = 26
j = 27
j = 28
j = 29
j = 30
j = 31
j = 32
j = 33
j = 34
j = 35
j = 36
j = 37
j = 38
j = 39
j = 40
j = 41
j = 42
j = 43
j = 44
j = 45
j = 46
j = 47
j = 48
j = 49
j = 50
j = 51
j = 52
j = 53
j = 54
j = 55
j = 56
j = 57
j = 58
j = 59
j = 60
j = 61
j = 62
i = 113
j = 1
j = 2
j = 3
j = 4
j = 5
j = 6
j = 7
j = 8
j = 9
j = 10
j = 11
j = 12
j = 13
j = 14
j = 15
j = 16
j = 17
j = 18
j = 19
j = 20
j = 21
j = 22
j = 23
j = 24
j = 25
j = 26
j = 27
j = 28
j = 29
j = 30
j = 31
j = 32
j = 33
j = 34
j = 35
j = 36
j = 37
j = 38
j = 39
j = 40
j = 41
j = 42
j = 43
j = 44
j = 45
j = 46
j = 47
j = 48
j = 49
j = 50
j = 51
j = 52
j = 53
j = 54
j = 55
j = 56
j = 57
j = 58
j = 59
j = 60
j = 61
j = 62
i = 114
j = 1
j = 2
j = 3
j = 4
j = 5
j = 6
j = 7
j = 8
j = 9
j = 10
j = 11
j = 12
j = 13
j = 14
j = 15
j = 16
j = 17
j = 18
j = 19
j = 20
j = 21
j = 22
j = 23
j = 24
j = 25
j = 26
j = 27
j = 28
j = 29
j = 30
j = 31
j = 32
j = 33
j = 34
j = 35
j = 36
j = 37
j = 38
j = 39
j = 40
j = 41
j = 42
j = 43
j = 44
j = 45
j = 46
j = 47
j = 48
j = 49
j = 50
j = 51
j = 52
j = 53
j = 54
j = 55
j = 56
j = 57
j = 58
j = 59
j = 60
j = 61
j = 62
i = 115
j = 1
j = 2
j = 3
j = 4
j = 5
j = 6
j = 7
j = 8
j = 9
j = 10
j = 11
j = 12
j = 13
j = 14
j = 15
j = 16
j = 17
j = 18
j = 19
j = 20
j = 21
j = 22
j = 23
j = 24
j = 25
j = 26
j = 27
j = 28
j = 29
j = 30
j = 31
j = 32
j = 33
j = 34
j = 35
j = 36
j = 37
j = 38
j = 39
j = 40
j = 41
j = 42
j = 43
j = 44
j = 45
j = 46
j = 47
j = 48
j = 49
j = 50
j = 51
j = 52
j = 53
j = 54
j = 55
j = 56
j = 57
j = 58
j = 59
j = 60
j = 61
j = 62
i = 116
j = 1
j = 2
j = 3
j = 4
j = 5
j = 6
j = 7
j = 8
j = 9
j = 10
j = 11
j = 12
j = 13
j = 14
j = 15
j = 16
j = 17
j = 18
j = 19
j = 20
j = 21
j = 22
j = 23
j = 24
j = 25
j = 26
j = 27
j = 28
j = 29
j = 30
j = 31
j = 32
j = 33
j = 34
j = 35
j = 36
j = 37
j = 38
j = 39
j = 40
j = 41
j = 42
j = 43
j = 44
j = 45
j = 46
j = 47
j = 48
j = 49
j = 50
j = 51
j = 52
j = 53
j = 54
j = 55
j = 56
j = 57
j = 58
j = 59
j = 60
j = 61
j = 62
i = 117
j = 1
j = 2
j = 3
j = 4
j = 5
j = 6
j = 7
j = 8
j = 9
j = 10
j = 11
j = 12
j = 13
j = 14
j = 15
j = 16
j = 17
j = 18
j = 19
j = 20
j = 21
j = 22
j = 23
j = 24
j = 25
j = 26
j = 27
j = 28
j = 29
j = 30
j = 31
j = 32
j = 33
j = 34
j = 35
j = 36
j = 37
j = 38
j = 39
j = 40
j = 41
j = 42
j = 43
j = 44
j = 45
j = 46
j = 47
j = 48
j = 49
j = 50
j = 51
j = 52
j = 53
j = 54
j = 55
j = 56
j = 57
j = 58
j = 59
j = 60
j = 61
j = 62
i = 118
j = 1
j = 2
j = 3
j = 4
j = 5
j = 6
j = 7
j = 8
j = 9
j = 10
j = 11
j = 12
j = 13
j = 14
j = 15
j = 16
j = 17
j = 18
j = 19
j = 20
j = 21
j = 22
j = 23
j = 24
j = 25
j = 26
j = 27
j = 28
j = 29
j = 30
j = 31
j = 32
j = 33
j = 34
j = 35
j = 36
j = 37
j = 38
j = 39
j = 40
j = 41
j = 42
j = 43
j = 44
j = 45
j = 46
j = 47
j = 48
j = 49
j = 50
j = 51
j = 52
j = 53
j = 54
j = 55
j = 56
j = 57
j = 58
j = 59
j = 60
j = 61
j = 62
i = 119
j = 1
j = 2
j = 3
j = 4
j = 5
j = 6
j = 7
j = 8
j = 9
j = 10
j = 11
j = 12
j = 13
j = 14
j = 15
j = 16
j = 17
j = 18
j = 19
j = 20
j = 21
j = 22
j = 23
j = 24
j = 25
j = 26
j = 27
j = 28
j = 29
j = 30
j = 31
j = 32
j = 33
j = 34
j = 35
j = 36
j = 37
j = 38
j = 39
j = 40
j = 41
j = 42
j = 43
j = 44
j = 45
j = 46
j = 47
j = 48
j = 49
j = 50
j = 51
j = 52
j = 53
j = 54
j = 55
j = 56
j = 57
j = 58
j = 59
j = 60
j = 61
j = 62
i = 120
j = 1
j = 2
j = 3
j = 4
j = 5
j = 6
j = 7
j = 8
j = 9
j = 10
j = 11
j = 12
j = 13
j = 14
j = 15
j = 16
j = 17
j = 18
j = 19
j = 20
j = 21
j = 22
j = 23
j = 24
j = 25
j = 26
j = 27
j = 28
j = 29
j = 30
j = 31
j = 32
j = 33
j = 34
j = 35
j = 36
j = 37
j = 38
j = 39
j = 40
j = 41
j = 42
j = 43
j = 44
j = 45
j = 46
j = 47
j = 48
j = 49
j = 50
j = 51
j = 52
j = 53
j = 54
j = 55
j = 56
j = 57
j = 58
j = 59
j = 60
j = 61
j = 62
i = 121
j = 1
j = 2
j = 3
j = 4
j = 5
j = 6
j = 7
j = 8
j = 9
j = 10
j = 11
j = 12
j = 13
j = 14
j = 15
j = 16
j = 17
j = 18
j = 19
j = 20
j = 21
j = 22
j = 23
j = 24
j = 25
j = 26
j = 27
j = 28
j = 29
j = 30
j = 31
j = 32
j = 33
j = 34
j = 35
j = 36
j = 37
j = 38
j = 39
j = 40
j = 41
j = 42
j = 43
j = 44
j = 45
j = 46
j = 47
j = 48
j = 49
j = 50
j = 51
j = 52
j = 53
j = 54
j = 55
j = 56
j = 57
j = 58
j = 59
j = 60
j = 61
j = 62
i = 122
j = 1
j = 2
j = 3
j = 4
j = 5
j = 6
j = 7
j = 8
j = 9
j = 10
j = 11
j = 12
j = 13
j = 14
j = 15
j = 16
j = 17
j = 18
j = 19
j = 20
j = 21
j = 22
j = 23
j = 24
j = 25
j = 26
j = 27
j = 28
j = 29
j = 30
j = 31
j = 32
j = 33
j = 34
j = 35
j = 36
j = 37
j = 38
j = 39
j = 40
j = 41
j = 42
j = 43
j = 44
j = 45
j = 46
j = 47
j = 48
j = 49
j = 50
j = 51
j = 52
j = 53
j = 54
j = 55
j = 56
j = 57
j = 58
j = 59
j = 60
j = 61
j = 62
plotting...\n
saving...\n
